21:49:24.984 INFO - Selenium build info: version: '3.8.1', revision: '6e95a6684b'
21:49:24.986 INFO - Launching a standalone Selenium Server
2018-03-22 21:49:25.161:INFO::main: Logging initialized @698ms to org.seleniumhq.jetty9.util.log.StdErrLog
21:49:25.272 INFO - Using `new FirefoxOptions()` is preferred to `DesiredCapabilities.firefox()`
21:49:25.331 INFO - Using `new ChromeOptions()` is preferred to `DesiredCapabilities.chrome()`
21:49:25.340 INFO - Using `new EdgeOptions()` is preferred to `DesiredCapabilities.edge()`
21:49:25.342 INFO - Driver class not found: com.opera.core.systems.OperaDriver
21:49:25.342 INFO - Using `new OperaOptions()` is preferred to `DesiredCapabilities.operaBlink()`
21:49:25.345 INFO - Using `new SafariOptions()` is preferred to `DesiredCapabilities.safari()`
21:49:25.347 INFO - Driver class not found: org.openqa.selenium.phantomjs.PhantomJSDriver
21:49:25.416 INFO - Driver provider class org.openqa.selenium.ie.InternetExplorerDriver registration is skipped:
 registration capabilities Capabilities {browserName: internet explorer, ensureCleanSession: true, platform: WINDOWS, version: } does not match the current platform LINUX
21:49:25.416 INFO - Driver provider class org.openqa.selenium.edge.EdgeDriver registration is skipped:
 registration capabilities Capabilities {browserName: MicrosoftEdge, platform: WINDOWS, version: } does not match the current platform LINUX
21:49:25.416 INFO - Driver provider class org.openqa.selenium.safari.SafariDriver registration is skipped:
 registration capabilities Capabilities {browserName: safari, platform: MAC, version: } does not match the current platform LINUX
21:49:25.525 INFO - Using `new ChromeOptions()` is preferred to `DesiredCapabilities.chrome()`
21:49:25.526 INFO - Using `new EdgeOptions()` is preferred to `DesiredCapabilities.edge()`
21:49:25.526 INFO - Using `new FirefoxOptions()` is preferred to `DesiredCapabilities.firefox()`
21:49:25.527 INFO - Using `new OperaOptions()` is preferred to `DesiredCapabilities.operaBlink()`
21:49:25.527 INFO - Using `new SafariOptions()` is preferred to `DesiredCapabilities.safari()`
21:49:25.548 INFO - Using the passthrough mode handler
2018-03-22 21:49:25.609:INFO:osjs.Server:main: jetty-9.4.7.v20170914
2018-03-22 21:49:25.660:WARN:osjs.SecurityHandler:main: ServletContext@o.s.j.s.ServletContextHandler@52f759d7{/,null,STARTING} has uncovered http methods for path: /
2018-03-22 21:49:25.664:INFO:osjsh.ContextHandler:main: Started o.s.j.s.ServletContextHandler@52f759d7{/,null,AVAILABLE}
2018-03-22 21:49:25.694:INFO:osjs.AbstractConnector:main: Started ServerConnector@150bbf4a{HTTP/1.1,[http/1.1]}{0.0.0.0:4444}
2018-03-22 21:49:25.694:INFO:osjs.Server:main: Started @1231ms
21:49:25.694 INFO - Selenium Server is up and running
2018-03-22 21:49:26.544:INFO:osjshC.ROOT:qtp124313277-12: org.openqa.selenium.remote.server.WebDriverServlet-5a1c0542: Initialising WebDriverServlet
21:49:26.659 INFO - Found handler: org.openqa.selenium.remote.server.commandhandler.BeginSession@51b2f5c
21:49:26.660 INFO - Found handler: org.openqa.selenium.remote.server.commandhandler.BeginSession@38375446
21:49:26.669 INFO - /session: Executing POST on /session (handler: BeginSession)
21:49:26.671 INFO - /session: Executing POST on /session (handler: BeginSession)
21:49:26.788 INFO - Capabilities are: Capabilities {acceptSslCerts: true, browserName: chrome, javascriptEnabled: true, marionette: true, name: Index}
21:49:26.789 INFO - Capabilities are: Capabilities {acceptSslCerts: true, browserName: firefox, javascriptEnabled: true, marionette: true, name: Index}
21:49:26.791 INFO - Capabilities {acceptSslCerts: true, browserName: firefox, javascriptEnabled: true, marionette: true, name: Index} matched class org.openqa.selenium.remote.server.ServicedSession$Factory (provider: org.openqa.selenium.firefox.GeckoDriverService)
21:49:26.798 INFO - Capabilities {acceptSslCerts: true, browserName: chrome, javascriptEnabled: true, marionette: true, name: Index} matched class org.openqa.selenium.remote.server.ServicedSession$Factory (provider: org.openqa.selenium.chrome.ChromeDriverService)
1521780566878	geckodriver	INFO	geckodriver 0.19.1
1521780566885	geckodriver	INFO	Listening on 127.0.0.1:30462
Starting ChromeDriver 2.36.540471 (9c759b81a907e70363c6312294d30b6ccccc2752) on port 7878
Only local connections are allowed.
1521780567907	mozrunner::runner	INFO	Running command: "/usr/bin/firefox" "-marionette" "-profile" "/tmp/rust_mozprofile.mXNtjVKj8t3a"
21:49:29.795 INFO - Detected dialect: OSS
1521780570142	Marionette	INFO	Enabled via --marionette
21:49:31.271 INFO - Found handler: org.openqa.selenium.remote.server.ServicedSession@5abb7467
21:49:31.272 INFO - Handler thread for session d095a8c9d4909d5959fff109afe25a6a (chrome): Executing POST on /session/d095a8c9d4909d5959fff109afe25a6a/url (handler: ServicedSession)
21:49:31.279 INFO - To upstream: {"url":"http://localhost:4000"}
21:49:31.744 INFO - To downstream: {"sessionId":"d095a8c9d4909d5959fff109afe25a6a","status":0,"value":null}
21:49:31.760 INFO - Found handler: org.openqa.selenium.remote.server.ServicedSession@5abb7467
21:49:31.772 INFO - Handler thread for session d095a8c9d4909d5959fff109afe25a6a (chrome): Executing POST on /session/d095a8c9d4909d5959fff109afe25a6a/elements (handler: ServicedSession)
21:49:31.786 INFO - To upstream: {"using":"css selector","value":"body"}
21:49:31.835 INFO - To downstream: {"sessionId":"d095a8c9d4909d5959fff109afe25a6a","status":0,"value":[{"ELEMENT":"0.2930604297128683-1"}]}
21:49:31.842 INFO - Found handler: org.openqa.selenium.remote.server.ServicedSession@5abb7467
21:49:31.843 INFO - Handler thread for session d095a8c9d4909d5959fff109afe25a6a (chrome): Executing GET on /session/d095a8c9d4909d5959fff109afe25a6a/element/0.2930604297128683-1/displayed (handler: ServicedSession)
21:49:31.878 INFO - To downstream: {"sessionId":"d095a8c9d4909d5959fff109afe25a6a","status":0,"value":true}
21:49:31.894 INFO - Found handler: org.openqa.selenium.remote.server.ServicedSession@5abb7467
21:49:31.896 INFO - Handler thread for session d095a8c9d4909d5959fff109afe25a6a (chrome): Executing GET on /session/d095a8c9d4909d5959fff109afe25a6a/title (handler: ServicedSession)
21:49:31.914 INFO - To downstream: {"sessionId":"d095a8c9d4909d5959fff109afe25a6a","status":0,"value":"localhost"}
21:49:31.927 INFO - Found handler: org.openqa.selenium.remote.server.ServicedSession@5abb7467
21:49:31.928 INFO - Handler thread for session d095a8c9d4909d5959fff109afe25a6a (chrome): Executing DELETE on /session/d095a8c9d4909d5959fff109afe25a6a (handler: ServicedSession)
21:49:32.031 INFO - To downstream: {"sessionId":"d095a8c9d4909d5959fff109afe25a6a","status":0,"value":null}
21:49:32.035 INFO - Removing session org.openqa.selenium.remote.server.ServicedSession@5abb7467
21:49:32.041 INFO - To downstream: {"sessionId":"d095a8c9d4909d5959fff109afe25a6a","status":0,"value":null}
1521780573732	Marionette	INFO	Listening on port 34557
21:49:33.923 INFO - Detected dialect: W3C
21:49:34.043 INFO - Found handler: org.openqa.selenium.remote.server.ServicedSession@fe03616
21:49:34.043 INFO - Handler thread for session 0a6ec883-4eed-4385-9e24-4c82b30005b5 (firefox): Executing POST on /session/0a6ec883-4eed-4385-9e24-4c82b30005b5/url (handler: ServicedSession)
21:49:34.333 INFO - Found handler: org.openqa.selenium.remote.server.ServicedSession@fe03616
21:49:34.334 INFO - Handler thread for session 0a6ec883-4eed-4385-9e24-4c82b30005b5 (firefox): Executing POST on /session/0a6ec883-4eed-4385-9e24-4c82b30005b5/elements (handler: ServicedSession)
21:49:34.384 INFO - Found handler: org.openqa.selenium.remote.server.ServicedSession@fe03616
21:49:34.384 INFO - Handler thread for session 0a6ec883-4eed-4385-9e24-4c82b30005b5 (firefox): Executing GET on /session/0a6ec883-4eed-4385-9e24-4c82b30005b5/element/dc8ace5f-786d-40a0-a44a-c2f9132e9ad3/displayed (handler: ServicedSession)
21:49:34.485 INFO - Found handler: org.openqa.selenium.remote.server.ServicedSession@fe03616
21:49:34.486 INFO - Handler thread for session 0a6ec883-4eed-4385-9e24-4c82b30005b5 (firefox): Executing GET on /session/0a6ec883-4eed-4385-9e24-4c82b30005b5/title (handler: ServicedSession)
21:49:34.498 INFO - Found handler: org.openqa.selenium.remote.server.ServicedSession@fe03616
21:49:34.498 INFO - Handler thread for session 0a6ec883-4eed-4385-9e24-4c82b30005b5 (firefox): Executing DELETE on /session/0a6ec883-4eed-4385-9e24-4c82b30005b5 (handler: ServicedSession)
1521780574546	addons.xpi	WARN	Exception running bootstrap method shutdown on activity-stream@mozilla.org: [Exception... "Component returned failure code: 0x80004005 (NS_ERROR_FAILURE) [nsIObserverService.removeObserver]"  nsresult: "0x80004005 (NS_ERROR_FAILURE)"  location: "JS frame :: resource://activity-stream/lib/SnippetsFeed.jsm :: uninit :: line 125"  data: no] Stack trace: uninit()@resource://activity-stream/lib/SnippetsFeed.jsm:125 < onAction()@resource://activity-stream/lib/SnippetsFeed.jsm:141 < _middleware/</<()@resource://activity-stream/lib/Store.jsm:51 < Store/this[method]()@resource://activity-stream/lib/Store.jsm:30 < uninit()@resource://activity-stream/lib/Store.jsm:153 < uninit()@resource://activity-stream/lib/ActivityStream.jsm:274 < uninit()@resource://gre/modules/addons/XPIProvider.jsm -> jar:file:///usr/lib/firefox/browser/features/activity-stream@mozilla.org.xpi!/bootstrap.js:80 < shutdown()@resource://gre/modules/addons/XPIProvider.jsm -> jar:file:///usr/lib/firefox/browser/features/activity-stream@mozilla.org.xpi!/bootstrap.js:196 < callBootstrapMethod()@resource://gre/modules/addons/XPIProvider.jsm:4419 < observe()@resource://gre/modules/addons/XPIProvider.jsm:2279 < GeckoDriver.prototype.quit()@driver.js:3270 < despatch()@server.js:557 < execute()@server.js:531 < onPacket/<()@server.js:506 < onPacket()@server.js:505 < _onJSONObjectReady/<()@transport.js:500
[GFX1-]: Receive IPC close with reason=AbnormalShutdown
[Child 83515, Chrome_ChildThread] WARNING: pipe error (3): Connection reset by peer: file /build/firefox-CQifnS/firefox-59.0.1+build1/ipc/chromium/src/chrome/common/ipc_channel_posix.cc, line 353
[GFX1-]: Receive IPC close with reason=AbnormalShutdown
[Child 83475, Chrome_ChildThread] WARNING: pipe error (3): Connection reset by peer: file /build/firefox-CQifnS/firefox-59.0.1+build1/ipc/chromium/src/chrome/common/ipc_channel_posix.cc, line 353
21:49:34.876 INFO - Removing session org.openqa.selenium.remote.server.ServicedSession@fe03616
