I, [2018-03-27T03:34:05.320135 #51241]  INFO -- : Registered expected interaction GET /demo/all
D, [2018-03-27T03:34:05.320519 #51241] DEBUG -- : {
  "description": "a request for all users",
  "providerState": "i have a list of users",
  "request": {
    "method": "GET",
    "path": "/demo/all",
    "headers": {
      "Authorization": "Basic QWRtaW46MTIzNDU="
    }
  },
  "response": {
    "status": 200,
    "headers": {
      "Content-Type": "application/json"
    },
    "body": {
      "json_class": "Pact::SomethingLike",
      "contents": [
        {
          "name": {
            "json_class": "Pact::SomethingLike",
            "contents": "Pranav"
          },
          "age": {
            "json_class": "Pact::SomethingLike",
            "contents": 19
          },
          "location": {
            "json_class": "Pact::SomethingLike",
            "contents": "Coimbatore, India"
          },
          "dob": {
            "json_class": "Pact::SomethingLike",
            "contents": "2018-01-05"
          }
        }
      ]
    }
  }
}
I, [2018-03-27T03:34:05.334230 #51241]  INFO -- : Received request GET /demo/all
D, [2018-03-27T03:34:05.334690 #51241] DEBUG -- : {
  "path": "/demo/all",
  "query": "",
  "method": "get",
  "headers": {
    "Accept": "application/json, text/plain, */*",
    "Authorization": "Basic QWRtaW46MTIzNDU=",
    "User-Agent": "axios/0.18.0",
    "Host": "localhost:5000",
    "Connection": "close",
    "Version": "HTTP/1.1"
  }
}
I, [2018-03-27T03:34:05.335251 #51241]  INFO -- : Found matching response for GET /demo/all
D, [2018-03-27T03:34:05.335467 #51241] DEBUG -- : {
  "status": 200,
  "headers": {
    "Content-Type": "application/json"
  },
  "body": {
    "json_class": "Pact::SomethingLike",
    "contents": [
      {
        "name": {
          "json_class": "Pact::SomethingLike",
          "contents": "Pranav"
        },
        "age": {
          "json_class": "Pact::SomethingLike",
          "contents": 19
        },
        "location": {
          "json_class": "Pact::SomethingLike",
          "contents": "Coimbatore, India"
        },
        "dob": {
          "json_class": "Pact::SomethingLike",
          "contents": "2018-01-05"
        }
      }
    ]
  }
}
I, [2018-03-27T03:34:05.347664 #51241]  INFO -- : Verifying - interactions matched
I, [2018-03-27T03:34:05.351784 #51241]  INFO -- : Cleared interactions
I, [2018-03-27T03:34:05.359698 #51241]  INFO -- : Writing pact for personApi to /home/rvaradhara/prac/simpleform/pacts/personui-personapi.json
